0 info it worked if it ends with ok
1 verbose cli [ '/Users/russpate/.nvm/versions/node/v5.5.0/bin/node',
1 verbose cli   '/Users/russpate/.nvm/versions/node/v5.5.0/bin/npm',
1 verbose cli   'install' ]
2 info using npm@3.3.12
3 info using node@v5.5.0
4 verbose config Skipping project config: /Users/russpate/.npmrc. (matches userconfig)
5 silly loadCurrentTree Starting
6 silly install loadCurrentTree
7 silly install readLocalPackageData
8 silly install normalizeTree
9 silly loadCurrentTree Finishing
10 silly loadIdealTree Starting
11 silly install loadIdealTree
12 silly cloneCurrentTree Starting
13 silly install cloneCurrentTreeToIdealTree
14 silly cloneCurrentTree Finishing
15 silly loadShrinkwrap Starting
16 silly install loadShrinkwrap
17 silly loadShrinkwrap Finishing
18 silly loadAllDepsIntoIdealTree Starting
19 silly install loadAllDepsIntoIdealTree
20 silly loadAllDepsIntoIdealTree Finishing
21 silly idealTree:prePrune russpate
21 silly idealTree:prePrune ├── abbrev@1.0.7
21 silly idealTree:prePrune ├── ansi-regex@2.0.0
21 silly idealTree:prePrune ├── ansi-styles@2.1.0
21 silly idealTree:prePrune ├── ansi@0.3.1
21 silly idealTree:prePrune ├── are-we-there-yet@1.0.6
21 silly idealTree:prePrune ├── array-find-index@1.0.1
21 silly idealTree:prePrune ├── array-index@1.0.0
21 silly idealTree:prePrune ├── asn1@0.2.3
21 silly idealTree:prePrune ├── assert-plus@0.2.0
21 silly idealTree:prePrune ├── async-foreach@0.1.3
21 silly idealTree:prePrune ├── async@1.5.2
21 silly idealTree:prePrune ├── aws-sign2@0.6.0
21 silly idealTree:prePrune ├─┬ aws4@1.2.1
21 silly idealTree:prePrune │ └── lru-cache@2.7.3
21 silly idealTree:prePrune ├── balanced-match@0.3.0
21 silly idealTree:prePrune ├── bl@1.0.2
21 silly idealTree:prePrune ├── block-stream@0.0.8
21 silly idealTree:prePrune ├── boom@2.10.1
21 silly idealTree:prePrune ├── brace-expansion@1.1.2
21 silly idealTree:prePrune ├── builtin-modules@1.1.1
21 silly idealTree:prePrune ├── camelcase-keys@2.0.0
21 silly idealTree:prePrune ├── camelcase@2.1.0
21 silly idealTree:prePrune ├── caseless@0.11.0
21 silly idealTree:prePrune ├── chalk@1.1.1
21 silly idealTree:prePrune ├── cliui@3.1.0
21 silly idealTree:prePrune ├── code-point-at@1.0.0
21 silly idealTree:prePrune ├── combined-stream@1.0.5
21 silly idealTree:prePrune ├── commander@2.9.0
21 silly idealTree:prePrune ├── concat-map@0.0.1
21 silly idealTree:prePrune ├── concat-stream@1.5.1
21 silly idealTree:prePrune ├── config-chain@1.1.10
21 silly idealTree:prePrune ├── core-util-is@1.0.2
21 silly idealTree:prePrune ├── cross-spawn-async@2.1.8
21 silly idealTree:prePrune ├── cross-spawn@2.1.5
21 silly idealTree:prePrune ├── cryptiles@2.0.5
21 silly idealTree:prePrune ├── d@0.1.1
21 silly idealTree:prePrune ├── dashdash@1.12.2
21 silly idealTree:prePrune ├── debug@2.2.0
21 silly idealTree:prePrune ├── decamelize@1.1.2
21 silly idealTree:prePrune ├── delayed-stream@1.0.0
21 silly idealTree:prePrune ├── delegates@1.0.0
21 silly idealTree:prePrune ├── ecc-jsbn@0.1.1
21 silly idealTree:prePrune ├── error-ex@1.3.0
21 silly idealTree:prePrune ├── es5-ext@0.10.11
21 silly idealTree:prePrune ├── es6-iterator@2.0.0
21 silly idealTree:prePrune ├── es6-symbol@3.0.2
21 silly idealTree:prePrune ├── escape-string-regexp@1.0.4
21 silly idealTree:prePrune ├── extend@3.0.0
21 silly idealTree:prePrune ├── extsprintf@1.0.2
21 silly idealTree:prePrune ├── find-up@1.1.0
21 silly idealTree:prePrune ├── forever-agent@0.6.1
21 silly idealTree:prePrune ├── form-data@1.0.0-rc3
21 silly idealTree:prePrune ├─┬ fstream@1.0.8
21 silly idealTree:prePrune │ └── graceful-fs@4.1.3
21 silly idealTree:prePrune ├── gauge@1.2.5
21 silly idealTree:prePrune ├── gaze@0.5.2
21 silly idealTree:prePrune ├── generate-function@2.0.0
21 silly idealTree:prePrune ├── generate-object-property@1.2.0
21 silly idealTree:prePrune ├── get-stdin@4.0.1
21 silly idealTree:prePrune ├─┬ glob@5.0.15
21 silly idealTree:prePrune │ └── minimatch@3.0.0
21 silly idealTree:prePrune ├─┬ globule@0.1.0
21 silly idealTree:prePrune │ ├── glob@3.1.21
21 silly idealTree:prePrune │ └── inherits@1.0.2
21 silly idealTree:prePrune ├── graceful-fs@1.2.3
21 silly idealTree:prePrune ├── graceful-readlink@1.0.1
21 silly idealTree:prePrune ├── har-validator@2.0.6
21 silly idealTree:prePrune ├── has-ansi@2.0.0
21 silly idealTree:prePrune ├── has-unicode@2.0.0
21 silly idealTree:prePrune ├── hawk@3.1.3
21 silly idealTree:prePrune ├── hoek@2.16.3
21 silly idealTree:prePrune ├── hosted-git-info@2.1.4
21 silly idealTree:prePrune ├── http-signature@1.1.1
21 silly idealTree:prePrune ├── indent-string@2.1.0
21 silly idealTree:prePrune ├── inflight@1.0.4
21 silly idealTree:prePrune ├── inherits@2.0.1
21 silly idealTree:prePrune ├── ini@1.3.4
21 silly idealTree:prePrune ├── invert-kv@1.0.0
21 silly idealTree:prePrune ├── is-absolute@0.1.7
21 silly idealTree:prePrune ├── is-arrayish@0.2.1
21 silly idealTree:prePrune ├── is-builtin-module@1.0.0
21 silly idealTree:prePrune ├── is-finite@1.0.1
21 silly idealTree:prePrune ├── is-fullwidth-code-point@1.0.0
21 silly idealTree:prePrune ├── is-my-json-valid@2.12.4
21 silly idealTree:prePrune ├── is-property@1.0.2
21 silly idealTree:prePrune ├── is-relative@0.1.3
21 silly idealTree:prePrune ├── is-typedarray@1.0.0
21 silly idealTree:prePrune ├── is-utf8@0.2.1
21 silly idealTree:prePrune ├── isarray@0.0.1
21 silly idealTree:prePrune ├── isexe@1.1.2
21 silly idealTree:prePrune ├── isstream@0.1.2
21 silly idealTree:prePrune ├── jodid25519@1.0.2
21 silly idealTree:prePrune ├── jsbn@0.1.0
21 silly idealTree:prePrune ├── json-schema@0.2.2
21 silly idealTree:prePrune ├── json-stringify-safe@5.0.1
21 silly idealTree:prePrune ├── jsonpointer@2.0.0
21 silly idealTree:prePrune ├── jsprim@1.2.2
21 silly idealTree:prePrune ├── lcid@1.0.0
21 silly idealTree:prePrune ├─┬ load-json-file@1.1.0
21 silly idealTree:prePrune │ └── graceful-fs@4.1.3
21 silly idealTree:prePrune ├── lodash._basetostring@3.0.1
21 silly idealTree:prePrune ├── lodash._createpadding@3.6.1
21 silly idealTree:prePrune ├── lodash._root@3.0.0
21 silly idealTree:prePrune ├── lodash.pad@3.3.0
21 silly idealTree:prePrune ├── lodash.padleft@3.1.1
21 silly idealTree:prePrune ├── lodash.padright@3.1.1
21 silly idealTree:prePrune ├── lodash.repeat@3.2.0
21 silly idealTree:prePrune ├── lodash@1.0.2
21 silly idealTree:prePrune ├── loud-rejection@1.2.1
21 silly idealTree:prePrune ├── lru-cache@4.0.0
21 silly idealTree:prePrune ├── map-obj@1.0.1
21 silly idealTree:prePrune ├── meow@3.7.0
21 silly idealTree:prePrune ├── mime-db@1.21.0
21 silly idealTree:prePrune ├── mime-types@2.1.9
21 silly idealTree:prePrune ├─┬ minimatch@0.2.14
21 silly idealTree:prePrune │ └── lru-cache@2.7.3
21 silly idealTree:prePrune ├── minimist@1.2.0
21 silly idealTree:prePrune ├─┬ mkdirp@0.5.1
21 silly idealTree:prePrune │ └── minimist@0.0.8
21 silly idealTree:prePrune ├── ms@0.7.1
21 silly idealTree:prePrune ├── nan@2.2.0
21 silly idealTree:prePrune ├─┬ node-gyp@3.2.1
21 silly idealTree:prePrune │ ├─┬ glob@4.5.3
21 silly idealTree:prePrune │ │ └── minimatch@2.0.10
21 silly idealTree:prePrune │ ├── graceful-fs@4.1.3
21 silly idealTree:prePrune │ ├── lru-cache@2.7.3
21 silly idealTree:prePrune │ └── minimatch@1.0.0
21 silly idealTree:prePrune ├── node-sass@3.4.2
21 silly idealTree:prePrune ├── node-uuid@1.4.7
21 silly idealTree:prePrune ├── nopt@3.0.6
21 silly idealTree:prePrune ├── normalize-package-data@2.3.5
21 silly idealTree:prePrune ├─┬ npmconf@2.1.2
21 silly idealTree:prePrune │ └── semver@4.3.6
21 silly idealTree:prePrune ├── npmlog@1.2.1
21 silly idealTree:prePrune ├── number-is-nan@1.0.0
21 silly idealTree:prePrune ├── oauth-sign@0.8.1
21 silly idealTree:prePrune ├── object-assign@4.0.1
21 silly idealTree:prePrune ├── once@1.3.3
21 silly idealTree:prePrune ├── os-homedir@1.0.1
21 silly idealTree:prePrune ├── os-locale@1.4.0
21 silly idealTree:prePrune ├── os-shim@0.1.3
21 silly idealTree:prePrune ├── os-tmpdir@1.0.1
21 silly idealTree:prePrune ├── osenv@0.1.3
21 silly idealTree:prePrune ├── parse-json@2.2.0
21 silly idealTree:prePrune ├── path-array@1.0.1
21 silly idealTree:prePrune ├── path-exists@2.1.0
21 silly idealTree:prePrune ├── path-is-absolute@1.0.0
21 silly idealTree:prePrune ├─┬ path-type@1.1.0
21 silly idealTree:prePrune │ └── graceful-fs@4.1.3
21 silly idealTree:prePrune ├── pify@2.3.0
21 silly idealTree:prePrune ├── pinkie-promise@2.0.0
21 silly idealTree:prePrune ├── pinkie@2.0.4
21 silly idealTree:prePrune ├── process-nextick-args@1.0.6
21 silly idealTree:prePrune ├── proto-list@1.2.4
21 silly idealTree:prePrune ├── pseudomap@1.0.2
21 silly idealTree:prePrune ├── qs@6.0.2
21 silly idealTree:prePrune ├── read-pkg-up@1.0.1
21 silly idealTree:prePrune ├── read-pkg@1.1.0
21 silly idealTree:prePrune ├── readable-stream@2.0.5
21 silly idealTree:prePrune ├── redent@1.0.0
21 silly idealTree:prePrune ├── repeating@2.0.0
21 silly idealTree:prePrune ├── request@2.69.0
21 silly idealTree:prePrune ├─┬ rimraf@2.5.1
21 silly idealTree:prePrune │ ├── glob@6.0.4
21 silly idealTree:prePrune │ └── minimatch@3.0.0
21 silly idealTree:prePrune ├─┬ sass-graph@2.1.1
21 silly idealTree:prePrune │ ├── glob@6.0.4
21 silly idealTree:prePrune │ ├── lodash@4.3.0
21 silly idealTree:prePrune │ └── minimatch@3.0.0
21 silly idealTree:prePrune ├── semver@5.1.0
21 silly idealTree:prePrune ├── sigmund@1.0.1
21 silly idealTree:prePrune ├── signal-exit@2.1.2
21 silly idealTree:prePrune ├── sntp@1.0.9
21 silly idealTree:prePrune ├── spawn-sync@1.0.15
21 silly idealTree:prePrune ├── spdx-correct@1.0.2
21 silly idealTree:prePrune ├── spdx-exceptions@1.0.4
21 silly idealTree:prePrune ├── spdx-expression-parse@1.0.2
21 silly idealTree:prePrune ├── spdx-license-ids@1.2.0
21 silly idealTree:prePrune ├── sshpk@1.7.3
21 silly idealTree:prePrune ├── string_decoder@0.10.31
21 silly idealTree:prePrune ├── string-width@1.0.1
21 silly idealTree:prePrune ├── stringstream@0.0.5
21 silly idealTree:prePrune ├── strip-ansi@3.0.0
21 silly idealTree:prePrune ├── strip-bom@2.0.0
21 silly idealTree:prePrune ├── strip-indent@1.0.1
21 silly idealTree:prePrune ├── supports-color@2.0.0
21 silly idealTree:prePrune ├── tar@2.2.1
21 silly idealTree:prePrune ├── tough-cookie@2.2.1
21 silly idealTree:prePrune ├── trim-newlines@1.0.0
21 silly idealTree:prePrune ├── tunnel-agent@0.4.2
21 silly idealTree:prePrune ├── tweetnacl@0.13.3
21 silly idealTree:prePrune ├── typedarray@0.0.6
21 silly idealTree:prePrune ├── uid-number@0.0.5
21 silly idealTree:prePrune ├── util-deprecate@1.0.2
21 silly idealTree:prePrune ├── validate-npm-package-license@3.0.1
21 silly idealTree:prePrune ├── verror@1.3.6
21 silly idealTree:prePrune ├── which@1.2.4
21 silly idealTree:prePrune ├── window-size@0.1.4
21 silly idealTree:prePrune ├── wrap-ansi@1.0.0
21 silly idealTree:prePrune ├── wrappy@1.0.1
21 silly idealTree:prePrune ├── xtend@4.0.1
21 silly idealTree:prePrune ├── y18n@3.2.0
21 silly idealTree:prePrune ├── yallist@2.0.0
21 silly idealTree:prePrune └── yargs@3.32.0
22 silly loadIdealTree Finishing
23 silly currentTree russpate
23 silly currentTree ├── abbrev@1.0.7
23 silly currentTree ├── ansi-regex@2.0.0
23 silly currentTree ├── ansi-styles@2.1.0
23 silly currentTree ├── ansi@0.3.1
23 silly currentTree ├── are-we-there-yet@1.0.6
23 silly currentTree ├── array-find-index@1.0.1
23 silly currentTree ├── array-index@1.0.0
23 silly currentTree ├── asn1@0.2.3
23 silly currentTree ├── assert-plus@0.2.0
23 silly currentTree ├── async-foreach@0.1.3
23 silly currentTree ├── async@1.5.2
23 silly currentTree ├── aws-sign2@0.6.0
23 silly currentTree ├─┬ aws4@1.2.1
23 silly currentTree │ └── lru-cache@2.7.3
23 silly currentTree ├── balanced-match@0.3.0
23 silly currentTree ├── bl@1.0.2
23 silly currentTree ├── block-stream@0.0.8
23 silly currentTree ├── boom@2.10.1
23 silly currentTree ├── brace-expansion@1.1.2
23 silly currentTree ├── builtin-modules@1.1.1
23 silly currentTree ├── camelcase-keys@2.0.0
23 silly currentTree ├── camelcase@2.1.0
23 silly currentTree ├── caseless@0.11.0
23 silly currentTree ├── chalk@1.1.1
23 silly currentTree ├── cliui@3.1.0
23 silly currentTree ├── code-point-at@1.0.0
23 silly currentTree ├── combined-stream@1.0.5
23 silly currentTree ├── commander@2.9.0
23 silly currentTree ├── concat-map@0.0.1
23 silly currentTree ├── concat-stream@1.5.1
23 silly currentTree ├── config-chain@1.1.10
23 silly currentTree ├── core-util-is@1.0.2
23 silly currentTree ├── cross-spawn-async@2.1.8
23 silly currentTree ├── cross-spawn@2.1.5
23 silly currentTree ├── cryptiles@2.0.5
23 silly currentTree ├── d@0.1.1
23 silly currentTree ├── dashdash@1.12.2
23 silly currentTree ├── debug@2.2.0
23 silly currentTree ├── decamelize@1.1.2
23 silly currentTree ├── delayed-stream@1.0.0
23 silly currentTree ├── delegates@1.0.0
23 silly currentTree ├── ecc-jsbn@0.1.1
23 silly currentTree ├── error-ex@1.3.0
23 silly currentTree ├── es5-ext@0.10.11
23 silly currentTree ├── es6-iterator@2.0.0
23 silly currentTree ├── es6-symbol@3.0.2
23 silly currentTree ├── escape-string-regexp@1.0.4
23 silly currentTree ├── extend@3.0.0
23 silly currentTree ├── extsprintf@1.0.2
23 silly currentTree ├── find-up@1.1.0
23 silly currentTree ├── forever-agent@0.6.1
23 silly currentTree ├── form-data@1.0.0-rc3
23 silly currentTree ├─┬ fstream@1.0.8
23 silly currentTree │ └── graceful-fs@4.1.3
23 silly currentTree ├── gauge@1.2.5
23 silly currentTree ├── gaze@0.5.2
23 silly currentTree ├── generate-function@2.0.0
23 silly currentTree ├── generate-object-property@1.2.0
23 silly currentTree ├── get-stdin@4.0.1
23 silly currentTree ├─┬ glob@5.0.15
23 silly currentTree │ └── minimatch@3.0.0
23 silly currentTree ├─┬ globule@0.1.0
23 silly currentTree │ ├── glob@3.1.21
23 silly currentTree │ └── inherits@1.0.2
23 silly currentTree ├── graceful-fs@1.2.3
23 silly currentTree ├── graceful-readlink@1.0.1
23 silly currentTree ├── har-validator@2.0.6
23 silly currentTree ├── has-ansi@2.0.0
23 silly currentTree ├── has-unicode@2.0.0
23 silly currentTree ├── hawk@3.1.3
23 silly currentTree ├── hoek@2.16.3
23 silly currentTree ├── hosted-git-info@2.1.4
23 silly currentTree ├── http-signature@1.1.1
23 silly currentTree ├── indent-string@2.1.0
23 silly currentTree ├── inflight@1.0.4
23 silly currentTree ├── inherits@2.0.1
23 silly currentTree ├── ini@1.3.4
23 silly currentTree ├── invert-kv@1.0.0
23 silly currentTree ├── is-absolute@0.1.7
23 silly currentTree ├── is-arrayish@0.2.1
23 silly currentTree ├── is-builtin-module@1.0.0
23 silly currentTree ├── is-finite@1.0.1
23 silly currentTree ├── is-fullwidth-code-point@1.0.0
23 silly currentTree ├── is-my-json-valid@2.12.4
23 silly currentTree ├── is-property@1.0.2
23 silly currentTree ├── is-relative@0.1.3
23 silly currentTree ├── is-typedarray@1.0.0
23 silly currentTree ├── is-utf8@0.2.1
23 silly currentTree ├── isarray@0.0.1
23 silly currentTree ├── isexe@1.1.2
23 silly currentTree ├── isstream@0.1.2
23 silly currentTree ├── jodid25519@1.0.2
23 silly currentTree ├── jsbn@0.1.0
23 silly currentTree ├── json-schema@0.2.2
23 silly currentTree ├── json-stringify-safe@5.0.1
23 silly currentTree ├── jsonpointer@2.0.0
23 silly currentTree ├── jsprim@1.2.2
23 silly currentTree ├── lcid@1.0.0
23 silly currentTree ├─┬ load-json-file@1.1.0
23 silly currentTree │ └── graceful-fs@4.1.3
23 silly currentTree ├── lodash._basetostring@3.0.1
23 silly currentTree ├── lodash._createpadding@3.6.1
23 silly currentTree ├── lodash._root@3.0.0
23 silly currentTree ├── lodash.pad@3.3.0
23 silly currentTree ├── lodash.padleft@3.1.1
23 silly currentTree ├── lodash.padright@3.1.1
23 silly currentTree ├── lodash.repeat@3.2.0
23 silly currentTree ├── lodash@1.0.2
23 silly currentTree ├── loud-rejection@1.2.1
23 silly currentTree ├── lru-cache@4.0.0
23 silly currentTree ├── map-obj@1.0.1
23 silly currentTree ├── meow@3.7.0
23 silly currentTree ├── mime-db@1.21.0
23 silly currentTree ├── mime-types@2.1.9
23 silly currentTree ├─┬ minimatch@0.2.14
23 silly currentTree │ └── lru-cache@2.7.3
23 silly currentTree ├── minimist@1.2.0
23 silly currentTree ├─┬ mkdirp@0.5.1
23 silly currentTree │ └── minimist@0.0.8
23 silly currentTree ├── ms@0.7.1
23 silly currentTree ├── nan@2.2.0
23 silly currentTree ├─┬ node-gyp@3.2.1
23 silly currentTree │ ├─┬ glob@4.5.3
23 silly currentTree │ │ └── minimatch@2.0.10
23 silly currentTree │ ├── graceful-fs@4.1.3
23 silly currentTree │ ├── lru-cache@2.7.3
23 silly currentTree │ └── minimatch@1.0.0
23 silly currentTree ├── node-sass@3.4.2
23 silly currentTree ├── node-uuid@1.4.7
23 silly currentTree ├── nopt@3.0.6
23 silly currentTree ├── normalize-package-data@2.3.5
23 silly currentTree ├─┬ npmconf@2.1.2
23 silly currentTree │ └── semver@4.3.6
23 silly currentTree ├── npmlog@1.2.1
23 silly currentTree ├── number-is-nan@1.0.0
23 silly currentTree ├── oauth-sign@0.8.1
23 silly currentTree ├── object-assign@4.0.1
23 silly currentTree ├── once@1.3.3
23 silly currentTree ├── os-homedir@1.0.1
23 silly currentTree ├── os-locale@1.4.0
23 silly currentTree ├── os-shim@0.1.3
23 silly currentTree ├── os-tmpdir@1.0.1
23 silly currentTree ├── osenv@0.1.3
23 silly currentTree ├── parse-json@2.2.0
23 silly currentTree ├── path-array@1.0.1
23 silly currentTree ├── path-exists@2.1.0
23 silly currentTree ├── path-is-absolute@1.0.0
23 silly currentTree ├─┬ path-type@1.1.0
23 silly currentTree │ └── graceful-fs@4.1.3
23 silly currentTree ├── pify@2.3.0
23 silly currentTree ├── pinkie-promise@2.0.0
23 silly currentTree ├── pinkie@2.0.4
23 silly currentTree ├── process-nextick-args@1.0.6
23 silly currentTree ├── proto-list@1.2.4
23 silly currentTree ├── pseudomap@1.0.2
23 silly currentTree ├── qs@6.0.2
23 silly currentTree ├── read-pkg-up@1.0.1
23 silly currentTree ├── read-pkg@1.1.0
23 silly currentTree ├── readable-stream@2.0.5
23 silly currentTree ├── redent@1.0.0
23 silly currentTree ├── repeating@2.0.0
23 silly currentTree ├── request@2.69.0
23 silly currentTree ├─┬ rimraf@2.5.1
23 silly currentTree │ ├── glob@6.0.4
23 silly currentTree │ └── minimatch@3.0.0
23 silly currentTree ├─┬ sass-graph@2.1.1
23 silly currentTree │ ├── glob@6.0.4
23 silly currentTree │ ├── lodash@4.3.0
23 silly currentTree │ └── minimatch@3.0.0
23 silly currentTree ├── semver@5.1.0
23 silly currentTree ├── sigmund@1.0.1
23 silly currentTree ├── signal-exit@2.1.2
23 silly currentTree ├── sntp@1.0.9
23 silly currentTree ├── spawn-sync@1.0.15
23 silly currentTree ├── spdx-correct@1.0.2
23 silly currentTree ├── spdx-exceptions@1.0.4
23 silly currentTree ├── spdx-expression-parse@1.0.2
23 silly currentTree ├── spdx-license-ids@1.2.0
23 silly currentTree ├── sshpk@1.7.3
23 silly currentTree ├── string_decoder@0.10.31
23 silly currentTree ├── string-width@1.0.1
23 silly currentTree ├── stringstream@0.0.5
23 silly currentTree ├── strip-ansi@3.0.0
23 silly currentTree ├── strip-bom@2.0.0
23 silly currentTree ├── strip-indent@1.0.1
23 silly currentTree ├── supports-color@2.0.0
23 silly currentTree ├── tar@2.2.1
23 silly currentTree ├── tough-cookie@2.2.1
23 silly currentTree ├── trim-newlines@1.0.0
23 silly currentTree ├── tunnel-agent@0.4.2
23 silly currentTree ├── tweetnacl@0.13.3
23 silly currentTree ├── typedarray@0.0.6
23 silly currentTree ├── uid-number@0.0.5
23 silly currentTree ├── util-deprecate@1.0.2
23 silly currentTree ├── validate-npm-package-license@3.0.1
23 silly currentTree ├── verror@1.3.6
23 silly currentTree ├── which@1.2.4
23 silly currentTree ├── window-size@0.1.4
23 silly currentTree ├── wrap-ansi@1.0.0
23 silly currentTree ├── wrappy@1.0.1
23 silly currentTree ├── xtend@4.0.1
23 silly currentTree ├── y18n@3.2.0
23 silly currentTree ├── yallist@2.0.0
23 silly currentTree └── yargs@3.32.0
24 silly idealTree russpate
24 silly idealTree ├── abbrev@1.0.7
24 silly idealTree ├── ansi-regex@2.0.0
24 silly idealTree ├── ansi-styles@2.1.0
24 silly idealTree ├── ansi@0.3.1
24 silly idealTree ├── are-we-there-yet@1.0.6
24 silly idealTree ├── array-find-index@1.0.1
24 silly idealTree ├── array-index@1.0.0
24 silly idealTree ├── asn1@0.2.3
24 silly idealTree ├── assert-plus@0.2.0
24 silly idealTree ├── async-foreach@0.1.3
24 silly idealTree ├── async@1.5.2
24 silly idealTree ├── aws-sign2@0.6.0
24 silly idealTree ├─┬ aws4@1.2.1
24 silly idealTree │ └── lru-cache@2.7.3
24 silly idealTree ├── balanced-match@0.3.0
24 silly idealTree ├── bl@1.0.2
24 silly idealTree ├── block-stream@0.0.8
24 silly idealTree ├── boom@2.10.1
24 silly idealTree ├── brace-expansion@1.1.2
24 silly idealTree ├── builtin-modules@1.1.1
24 silly idealTree ├── camelcase-keys@2.0.0
24 silly idealTree ├── camelcase@2.1.0
24 silly idealTree ├── caseless@0.11.0
24 silly idealTree ├── chalk@1.1.1
24 silly idealTree ├── cliui@3.1.0
24 silly idealTree ├── code-point-at@1.0.0
24 silly idealTree ├── combined-stream@1.0.5
24 silly idealTree ├── commander@2.9.0
24 silly idealTree ├── concat-map@0.0.1
24 silly idealTree ├── concat-stream@1.5.1
24 silly idealTree ├── config-chain@1.1.10
24 silly idealTree ├── core-util-is@1.0.2
24 silly idealTree ├── cross-spawn-async@2.1.8
24 silly idealTree ├── cross-spawn@2.1.5
24 silly idealTree ├── cryptiles@2.0.5
24 silly idealTree ├── d@0.1.1
24 silly idealTree ├── dashdash@1.12.2
24 silly idealTree ├── debug@2.2.0
24 silly idealTree ├── decamelize@1.1.2
24 silly idealTree ├── delayed-stream@1.0.0
24 silly idealTree ├── delegates@1.0.0
24 silly idealTree ├── ecc-jsbn@0.1.1
24 silly idealTree ├── error-ex@1.3.0
24 silly idealTree ├── es5-ext@0.10.11
24 silly idealTree ├── es6-iterator@2.0.0
24 silly idealTree ├── es6-symbol@3.0.2
24 silly idealTree ├── escape-string-regexp@1.0.4
24 silly idealTree ├── extend@3.0.0
24 silly idealTree ├── extsprintf@1.0.2
24 silly idealTree ├── find-up@1.1.0
24 silly idealTree ├── forever-agent@0.6.1
24 silly idealTree ├── form-data@1.0.0-rc3
24 silly idealTree ├─┬ fstream@1.0.8
24 silly idealTree │ └── graceful-fs@4.1.3
24 silly idealTree ├── gauge@1.2.5
24 silly idealTree ├── gaze@0.5.2
24 silly idealTree ├── generate-function@2.0.0
24 silly idealTree ├── generate-object-property@1.2.0
24 silly idealTree ├── get-stdin@4.0.1
24 silly idealTree ├─┬ glob@5.0.15
24 silly idealTree │ └── minimatch@3.0.0
24 silly idealTree ├─┬ globule@0.1.0
24 silly idealTree │ ├── glob@3.1.21
24 silly idealTree │ └── inherits@1.0.2
24 silly idealTree ├── graceful-fs@1.2.3
24 silly idealTree ├── graceful-readlink@1.0.1
24 silly idealTree ├── har-validator@2.0.6
24 silly idealTree ├── has-ansi@2.0.0
24 silly idealTree ├── has-unicode@2.0.0
24 silly idealTree ├── hawk@3.1.3
24 silly idealTree ├── hoek@2.16.3
24 silly idealTree ├── hosted-git-info@2.1.4
24 silly idealTree ├── http-signature@1.1.1
24 silly idealTree ├── indent-string@2.1.0
24 silly idealTree ├── inflight@1.0.4
24 silly idealTree ├── inherits@2.0.1
24 silly idealTree ├── ini@1.3.4
24 silly idealTree ├── invert-kv@1.0.0
24 silly idealTree ├── is-absolute@0.1.7
24 silly idealTree ├── is-arrayish@0.2.1
24 silly idealTree ├── is-builtin-module@1.0.0
24 silly idealTree ├── is-finite@1.0.1
24 silly idealTree ├── is-fullwidth-code-point@1.0.0
24 silly idealTree ├── is-my-json-valid@2.12.4
24 silly idealTree ├── is-property@1.0.2
24 silly idealTree ├── is-relative@0.1.3
24 silly idealTree ├── is-typedarray@1.0.0
24 silly idealTree ├── is-utf8@0.2.1
24 silly idealTree ├── isarray@0.0.1
24 silly idealTree ├── isexe@1.1.2
24 silly idealTree ├── isstream@0.1.2
24 silly idealTree ├── jodid25519@1.0.2
24 silly idealTree ├── jsbn@0.1.0
24 silly idealTree ├── json-schema@0.2.2
24 silly idealTree ├── json-stringify-safe@5.0.1
24 silly idealTree ├── jsonpointer@2.0.0
24 silly idealTree ├── jsprim@1.2.2
24 silly idealTree ├── lcid@1.0.0
24 silly idealTree ├─┬ load-json-file@1.1.0
24 silly idealTree │ └── graceful-fs@4.1.3
24 silly idealTree ├── lodash._basetostring@3.0.1
24 silly idealTree ├── lodash._createpadding@3.6.1
24 silly idealTree ├── lodash._root@3.0.0
24 silly idealTree ├── lodash.pad@3.3.0
24 silly idealTree ├── lodash.padleft@3.1.1
24 silly idealTree ├── lodash.padright@3.1.1
24 silly idealTree ├── lodash.repeat@3.2.0
24 silly idealTree ├── lodash@1.0.2
24 silly idealTree ├── loud-rejection@1.2.1
24 silly idealTree ├── lru-cache@4.0.0
24 silly idealTree ├── map-obj@1.0.1
24 silly idealTree ├── meow@3.7.0
24 silly idealTree ├── mime-db@1.21.0
24 silly idealTree ├── mime-types@2.1.9
24 silly idealTree ├─┬ minimatch@0.2.14
24 silly idealTree │ └── lru-cache@2.7.3
24 silly idealTree ├── minimist@1.2.0
24 silly idealTree ├─┬ mkdirp@0.5.1
24 silly idealTree │ └── minimist@0.0.8
24 silly idealTree ├── ms@0.7.1
24 silly idealTree ├── nan@2.2.0
24 silly idealTree ├─┬ node-gyp@3.2.1
24 silly idealTree │ ├─┬ glob@4.5.3
24 silly idealTree │ │ └── minimatch@2.0.10
24 silly idealTree │ ├── graceful-fs@4.1.3
24 silly idealTree │ ├── lru-cache@2.7.3
24 silly idealTree │ └── minimatch@1.0.0
24 silly idealTree ├── node-sass@3.4.2
24 silly idealTree ├── node-uuid@1.4.7
24 silly idealTree ├── nopt@3.0.6
24 silly idealTree ├── normalize-package-data@2.3.5
24 silly idealTree ├─┬ npmconf@2.1.2
24 silly idealTree │ └── semver@4.3.6
24 silly idealTree ├── npmlog@1.2.1
24 silly idealTree ├── number-is-nan@1.0.0
24 silly idealTree ├── oauth-sign@0.8.1
24 silly idealTree ├── object-assign@4.0.1
24 silly idealTree ├── once@1.3.3
24 silly idealTree ├── os-homedir@1.0.1
24 silly idealTree ├── os-locale@1.4.0
24 silly idealTree ├── os-shim@0.1.3
24 silly idealTree ├── os-tmpdir@1.0.1
24 silly idealTree ├── osenv@0.1.3
24 silly idealTree ├── parse-json@2.2.0
24 silly idealTree ├── path-array@1.0.1
24 silly idealTree ├── path-exists@2.1.0
24 silly idealTree ├── path-is-absolute@1.0.0
24 silly idealTree ├─┬ path-type@1.1.0
24 silly idealTree │ └── graceful-fs@4.1.3
24 silly idealTree ├── pify@2.3.0
24 silly idealTree ├── pinkie-promise@2.0.0
24 silly idealTree ├── pinkie@2.0.4
24 silly idealTree ├── process-nextick-args@1.0.6
24 silly idealTree ├── proto-list@1.2.4
24 silly idealTree ├── pseudomap@1.0.2
24 silly idealTree ├── qs@6.0.2
24 silly idealTree ├── read-pkg-up@1.0.1
24 silly idealTree ├── read-pkg@1.1.0
24 silly idealTree ├── readable-stream@2.0.5
24 silly idealTree ├── redent@1.0.0
24 silly idealTree ├── repeating@2.0.0
24 silly idealTree ├── request@2.69.0
24 silly idealTree ├─┬ rimraf@2.5.1
24 silly idealTree │ ├── glob@6.0.4
24 silly idealTree │ └── minimatch@3.0.0
24 silly idealTree ├─┬ sass-graph@2.1.1
24 silly idealTree │ ├── glob@6.0.4
24 silly idealTree │ ├── lodash@4.3.0
24 silly idealTree │ └── minimatch@3.0.0
24 silly idealTree ├── semver@5.1.0
24 silly idealTree ├── sigmund@1.0.1
24 silly idealTree ├── signal-exit@2.1.2
24 silly idealTree ├── sntp@1.0.9
24 silly idealTree ├── spawn-sync@1.0.15
24 silly idealTree ├── spdx-correct@1.0.2
24 silly idealTree ├── spdx-exceptions@1.0.4
24 silly idealTree ├── spdx-expression-parse@1.0.2
24 silly idealTree ├── spdx-license-ids@1.2.0
24 silly idealTree ├── sshpk@1.7.3
24 silly idealTree ├── string_decoder@0.10.31
24 silly idealTree ├── string-width@1.0.1
24 silly idealTree ├── stringstream@0.0.5
24 silly idealTree ├── strip-ansi@3.0.0
24 silly idealTree ├── strip-bom@2.0.0
24 silly idealTree ├── strip-indent@1.0.1
24 silly idealTree ├── supports-color@2.0.0
24 silly idealTree ├── tar@2.2.1
24 silly idealTree ├── tough-cookie@2.2.1
24 silly idealTree ├── trim-newlines@1.0.0
24 silly idealTree ├── tunnel-agent@0.4.2
24 silly idealTree ├── tweetnacl@0.13.3
24 silly idealTree ├── typedarray@0.0.6
24 silly idealTree ├── uid-number@0.0.5
24 silly idealTree ├── util-deprecate@1.0.2
24 silly idealTree ├── validate-npm-package-license@3.0.1
24 silly idealTree ├── verror@1.3.6
24 silly idealTree ├── which@1.2.4
24 silly idealTree ├── window-size@0.1.4
24 silly idealTree ├── wrap-ansi@1.0.0
24 silly idealTree ├── wrappy@1.0.1
24 silly idealTree ├── xtend@4.0.1
24 silly idealTree ├── y18n@3.2.0
24 silly idealTree ├── yallist@2.0.0
24 silly idealTree └── yargs@3.32.0
25 silly generateActionsToTake Starting
26 silly install generateActionsToTake
27 silly generateActionsToTake Finishing
28 silly diffTrees action count 0
29 silly decomposeActions action count 0
30 silly executeActions Starting
31 silly install executeActions
32 silly doSerial global-install 0
33 silly doParallel fetch 0
34 verbose lock using /Users/russpate/.npm/_locks/staging-32a929831a2a1ce9.lock for /Users/russpate/node_modules/.staging
35 verbose unlock done using /Users/russpate/.npm/_locks/staging-32a929831a2a1ce9.lock for /Users/russpate/node_modules/.staging
36 silly rollbackFailedOptional Starting
37 silly rollbackFailedOptional Finishing
38 silly runTopLevelLifecycles Starting
39 silly runTopLevelLifecycles Finishing
40 silly install printInstalled
41 warn ENOENT ENOENT: no such file or directory, open '/Users/russpate/package.json'
42 warn EPACKAGEJSON russpate No description
43 warn EPACKAGEJSON russpate No repository field.
44 warn EPACKAGEJSON russpate No README data
45 warn EPACKAGEJSON russpate No license field.
46 verbose stack Error: EACCES: permission denied, mkdir '/Users/russpate/node_modules/.staging'
46 verbose stack     at Error (native)
47 verbose cwd /Users/russpate/Documents/TIY/Assignments/Sherpa
48 error Darwin 15.4.0
49 error argv "/Users/russpate/.nvm/versions/node/v5.5.0/bin/node" "/Users/russpate/.nvm/versions/node/v5.5.0/bin/npm" "install"
50 error node v5.5.0
51 error npm  v3.3.12
52 error path /Users/russpate/node_modules/.staging
53 error code EACCES
54 error errno -13
55 error syscall mkdir
56 error Error: EACCES: permission denied, mkdir '/Users/russpate/node_modules/.staging'
56 error     at Error (native)
56 error  { [Error: EACCES: permission denied, mkdir '/Users/russpate/node_modules/.staging']
56 error   errno: -13,
56 error   code: 'EACCES',
56 error   syscall: 'mkdir',
56 error   path: '/Users/russpate/node_modules/.staging' }
57 error Please try running this command again as root/Administrator.
58 verbose exit [ -13, true ]
